{"name":"instads","hostname":"AOFF4","pid":4216,"level":30,"msg":"[ 'string', 'string', 'timestamp', 'timestamp', 'int', 'uuid' ]","time":"2015-10-25T18:16:08.903Z","v":0}
{"name":"instads","hostname":"AOFF4","pid":4216,"level":30,"msg":"[ 'SUPER DUPER TITLE0',\n  'desc_here0',\n  '1445796968856',\n  '1445883368856',\n  '97',\n  '5a7b1813-f8c5-4eea-8df8-04704197487a.jpeg' ]","time":"2015-10-25T18:16:08.905Z","v":0}
{"name":"instads","hostname":"AOFF4","pid":4216,"level":30,"msg":"something went wrong { [error: date/time field value out of range: \"1445796968856\"]\n  name: 'error',\n  length: 188,\n  severity: 'ERROR',\n  code: '22008',\n  detail: undefined,\n  hint: 'Perhaps you need a different \"datestyle\" setting.',\n  position: '131',\n  internalPosition: undefined,\n  internalQuery: undefined,\n  where: undefined,\n  schema: undefined,\n  table: undefined,\n  column: undefined,\n  dataType: undefined,\n  constraint: undefined,\n  file: 'src\\\\backend\\\\utils\\\\adt\\\\datetime.c',\n  line: '3775',\n  routine: 'DateTimeParseError' }","time":"2015-10-25T18:16:08.921Z","v":0}
{"name":"instads","hostname":"AOFF4","pid":4216,"level":30,"msg":"[ 'string', 'string', 'timestamp', 'timestamp', 'int', 'uuid' ]","time":"2015-10-25T18:16:10.968Z","v":0}
{"name":"instads","hostname":"AOFF4","pid":4216,"level":30,"msg":"[ 'SUPER DUPER TITLE0',\n  'desc_here0',\n  'asd',\n  '1445883370930',\n  '97',\n  'ba25c159-9d6e-4278-adc3-6dd35ad001c8.jpeg' ]","time":"2015-10-25T18:16:10.968Z","v":0}
{"name":"instads","hostname":"AOFF4","pid":4216,"level":30,"msg":"something went wrong { [error: invalid input syntax for type timestamp with time zone: \"asd\"]\n  name: 'error',\n  length: 147,\n  severity: 'ERROR',\n  code: '22007',\n  detail: undefined,\n  hint: undefined,\n  position: '131',\n  internalPosition: undefined,\n  internalQuery: undefined,\n  where: undefined,\n  schema: undefined,\n  table: undefined,\n  column: undefined,\n  dataType: undefined,\n  constraint: undefined,\n  file: 'src\\\\backend\\\\utils\\\\adt\\\\datetime.c',\n  line: '3794',\n  routine: 'DateTimeParseError' }","time":"2015-10-25T18:16:10.978Z","v":0}
{"name":"instads","hostname":"AOFF4","pid":4216,"level":30,"msg":"[ 'string', 'string', 'timestamp', 'timestamp', 'int', 'uuid' ]","time":"2015-10-25T18:16:10.998Z","v":0}
{"name":"instads","hostname":"AOFF4","pid":4216,"level":30,"msg":"[ 'SUPER DUPER TITLE0',\n  'desc_here0',\n  '1445796970976',\n  '1444936570977',\n  '97',\n  '4b839870-4b7f-4628-93af-eef759155ca7.jpeg' ]","time":"2015-10-25T18:16:10.998Z","v":0}
{"name":"instads","hostname":"AOFF4","pid":4216,"level":30,"msg":"something went wrong { [error: date/time field value out of range: \"1445796970976\"]\n  name: 'error',\n  length: 188,\n  severity: 'ERROR',\n  code: '22008',\n  detail: undefined,\n  hint: 'Perhaps you need a different \"datestyle\" setting.',\n  position: '131',\n  internalPosition: undefined,\n  internalQuery: undefined,\n  where: undefined,\n  schema: undefined,\n  table: undefined,\n  column: undefined,\n  dataType: undefined,\n  constraint: undefined,\n  file: 'src\\\\backend\\\\utils\\\\adt\\\\datetime.c',\n  line: '3775',\n  routine: 'DateTimeParseError' }","time":"2015-10-25T18:16:11.001Z","v":0}
{"name":"instads","hostname":"AOFF4","pid":4216,"level":30,"msg":"[ 'string', 'string', 'timestamp', 'timestamp', 'int', 'uuid' ]","time":"2015-10-25T18:16:11.022Z","v":0}
{"name":"instads","hostname":"AOFF4","pid":4216,"level":30,"msg":"[ undefined,\n  'desc_here0',\n  '1445796971001',\n  '1445883371001',\n  '97',\n  'b034bd55-3ba8-41b3-ab4d-84e34984080c.jpeg' ]","time":"2015-10-25T18:16:11.022Z","v":0}
{"name":"instads","hostname":"AOFF4","pid":4216,"level":30,"msg":"something went wrong { [error: timestamp out of range: \"1445796971001\"]\n  name: 'error',\n  length: 121,\n  severity: 'ERROR',\n  code: '22008',\n  detail: undefined,\n  hint: undefined,\n  position: '115',\n  internalPosition: undefined,\n  internalQuery: undefined,\n  where: undefined,\n  schema: undefined,\n  table: undefined,\n  column: undefined,\n  dataType: undefined,\n  constraint: undefined,\n  file: 'src\\\\backend\\\\utils\\\\adt\\\\timestamp.c',\n  line: '452',\n  routine: 'timestamptz_in' }","time":"2015-10-25T18:16:11.027Z","v":0}
{"name":"instads","hostname":"AOFF4","pid":4216,"level":30,"msg":"[ 'string', 'string', 'timestamp', 'timestamp', 'int', 'uuid' ]","time":"2015-10-25T18:16:11.042Z","v":0}
{"name":"instads","hostname":"AOFF4","pid":4216,"level":30,"msg":"[ 'SUPER DUPER TITLE0',\n  undefined,\n  '1445796971027',\n  '1445883371027',\n  '97',\n  'e57d089a-8cbd-4f62-b0c5-72d2dc6526b4.jpeg' ]","time":"2015-10-25T18:16:11.043Z","v":0}
{"name":"instads","hostname":"AOFF4","pid":4216,"level":30,"msg":"something went wrong { [error: timestamp out of range: \"1445796971027\"]\n  name: 'error',\n  length: 121,\n  severity: 'ERROR',\n  code: '22008',\n  detail: undefined,\n  hint: undefined,\n  position: '123',\n  internalPosition: undefined,\n  internalQuery: undefined,\n  where: undefined,\n  schema: undefined,\n  table: undefined,\n  column: undefined,\n  dataType: undefined,\n  constraint: undefined,\n  file: 'src\\\\backend\\\\utils\\\\adt\\\\timestamp.c',\n  line: '452',\n  routine: 'timestamptz_in' }","time":"2015-10-25T18:16:11.046Z","v":0}
{"name":"instads","hostname":"AOFF4","pid":4216,"level":30,"msg":"[ 'string', 'string', 'timestamp', 'timestamp', 'int', 'uuid' ]","time":"2015-10-25T18:16:11.059Z","v":0}
{"name":"instads","hostname":"AOFF4","pid":4216,"level":30,"msg":"[ 'SUPER DUPER TITLE0',\n  'desc_here0',\n  '1445796971045',\n  '1445883371045',\n  undefined,\n  '9cf63906-711f-4e74-b600-bab323a2d935.jpeg' ]","time":"2015-10-25T18:16:11.059Z","v":0}
{"name":"instads","hostname":"AOFF4","pid":4216,"level":30,"msg":"something went wrong { [error: date/time field value out of range: \"1445796971045\"]\n  name: 'error',\n  length: 188,\n  severity: 'ERROR',\n  code: '22008',\n  detail: undefined,\n  hint: 'Perhaps you need a different \"datestyle\" setting.',\n  position: '131',\n  internalPosition: undefined,\n  internalQuery: undefined,\n  where: undefined,\n  schema: undefined,\n  table: undefined,\n  column: undefined,\n  dataType: undefined,\n  constraint: undefined,\n  file: 'src\\\\backend\\\\utils\\\\adt\\\\datetime.c',\n  line: '3775',\n  routine: 'DateTimeParseError' }","time":"2015-10-25T18:16:11.063Z","v":0}
{"name":"instads","hostname":"AOFF4","pid":4216,"level":30,"msg":"[ 'string', 'string', 'timestamp', 'timestamp', 'int', 'uuid' ]","time":"2015-10-25T18:16:11.073Z","v":0}
{"name":"instads","hostname":"AOFF4","pid":4216,"level":30,"msg":"[ 'SUPER DUPER TITLE0',\n  'desc_here0',\n  '1445796971062',\n  '1445883371062',\n  '97',\n  undefined ]","time":"2015-10-25T18:16:11.074Z","v":0}
{"name":"instads","hostname":"AOFF4","pid":4216,"level":30,"msg":"something went wrong { [error: date/time field value out of range: \"1445796971062\"]\n  name: 'error',\n  length: 188,\n  severity: 'ERROR',\n  code: '22008',\n  detail: undefined,\n  hint: 'Perhaps you need a different \"datestyle\" setting.',\n  position: '131',\n  internalPosition: undefined,\n  internalQuery: undefined,\n  where: undefined,\n  schema: undefined,\n  table: undefined,\n  column: undefined,\n  dataType: undefined,\n  constraint: undefined,\n  file: 'src\\\\backend\\\\utils\\\\adt\\\\datetime.c',\n  line: '3775',\n  routine: 'DateTimeParseError' }","time":"2015-10-25T18:16:11.076Z","v":0}
{"name":"instads","hostname":"AOFF4","pid":4216,"level":30,"msg":"[ 'string',\n  'string',\n  'timestamp',\n  'timestamp',\n  'int',\n  'uuid',\n  'int' ]","time":"2015-10-25T18:16:11.095Z","v":0}
{"name":"instads","hostname":"AOFF4","pid":4216,"level":30,"msg":"[ 'SUPER DUPER TITLE08',\n  'desc_here0',\n  '1445796971077',\n  '1445883371077',\n  '97',\n  '9d30b0aa-db9b-4086-bf38-1593c2d90216.jpeg',\n  'undefined' ]","time":"2015-10-25T18:16:11.095Z","v":0}
{"name":"instads","hostname":"AOFF4","pid":4216,"level":30,"msg":"[ 'string',\n  'string',\n  'timestamp',\n  'timestamp',\n  'int',\n  'uuid',\n  'int' ]","time":"2015-10-25T18:16:11.118Z","v":0}
{"name":"instads","hostname":"AOFF4","pid":4216,"level":30,"msg":"[ 'SUPER DUPER TITLE0',\n  'desc_here0',\n  '1445796971100',\n  '1445883371100',\n  '97',\n  '4c905329-026a-4879-b8ec-6ea8c49ec094.jpeg',\n  'undefined' ]","time":"2015-10-25T18:16:11.118Z","v":0}
{"name":"instads","hostname":"AOFF4","pid":4292,"level":30,"msg":"[ 'string', 'string', 'timestamp', 'timestamp', 'int', 'uuid' ]","time":"2015-10-25T18:18:11.676Z","v":0}
{"name":"instads","hostname":"AOFF4","pid":4292,"level":30,"msg":"[ 'SUPER DUPER TITLE0',\n  'desc_here0',\n  '1445797091622',\n  '1445883491623',\n  '97',\n  '8083bd35-9417-4cfc-a235-90d8ff4644b3.jpeg' ]","time":"2015-10-25T18:18:11.677Z","v":0}
{"name":"instads","hostname":"AOFF4","pid":4292,"level":30,"msg":"2015-10-25 16:18","time":"2015-10-25T18:18:11.688Z","v":0}
{"name":"instads","hostname":"AOFF4","pid":4292,"level":30,"msg":"2015-10-25 16:18","time":"2015-10-25T18:18:11.688Z","v":0}
{"name":"instads","hostname":"AOFF4","pid":4292,"level":30,"msg":"something went wrong { [error: date/time field value out of range: \"1445797091622\"]\n  name: 'error',\n  length: 188,\n  severity: 'ERROR',\n  code: '22008',\n  detail: undefined,\n  hint: 'Perhaps you need a different \"datestyle\" setting.',\n  position: '131',\n  internalPosition: undefined,\n  internalQuery: undefined,\n  where: undefined,\n  schema: undefined,\n  table: undefined,\n  column: undefined,\n  dataType: undefined,\n  constraint: undefined,\n  file: 'src\\\\backend\\\\utils\\\\adt\\\\datetime.c',\n  line: '3775',\n  routine: 'DateTimeParseError' }","time":"2015-10-25T18:18:11.696Z","v":0}
{"name":"instads","hostname":"AOFF4","pid":4292,"level":30,"msg":"[ 'string', 'string', 'timestamp', 'timestamp', 'int', 'uuid' ]","time":"2015-10-25T18:18:13.752Z","v":0}
{"name":"instads","hostname":"AOFF4","pid":4292,"level":30,"msg":"[ 'SUPER DUPER TITLE0',\n  'desc_here0',\n  'asd',\n  '1445883493705',\n  '97',\n  'fcacccda-68db-49fc-bcdf-2f0560cbcb59.jpeg' ]","time":"2015-10-25T18:18:13.753Z","v":0}
{"name":"instads","hostname":"AOFF4","pid":4292,"level":30,"msg":"2015-10-25 16:18","time":"2015-10-25T18:18:13.757Z","v":0}
{"name":"instads","hostname":"AOFF4","pid":4292,"level":30,"msg":"2015-10-25 16:18","time":"2015-10-25T18:18:13.757Z","v":0}
{"name":"instads","hostname":"AOFF4","pid":4292,"level":30,"msg":"something went wrong { [error: invalid input syntax for type timestamp with time zone: \"asd\"]\n  name: 'error',\n  length: 147,\n  severity: 'ERROR',\n  code: '22007',\n  detail: undefined,\n  hint: undefined,\n  position: '131',\n  internalPosition: undefined,\n  internalQuery: undefined,\n  where: undefined,\n  schema: undefined,\n  table: undefined,\n  column: undefined,\n  dataType: undefined,\n  constraint: undefined,\n  file: 'src\\\\backend\\\\utils\\\\adt\\\\datetime.c',\n  line: '3794',\n  routine: 'DateTimeParseError' }","time":"2015-10-25T18:18:13.762Z","v":0}
{"name":"instads","hostname":"AOFF4","pid":4292,"level":30,"msg":"[ 'string', 'string', 'timestamp', 'timestamp', 'int', 'uuid' ]","time":"2015-10-25T18:18:13.790Z","v":0}
{"name":"instads","hostname":"AOFF4","pid":4292,"level":30,"msg":"[ 'SUPER DUPER TITLE0',\n  'desc_here0',\n  '1445797093761',\n  '1444936693762',\n  '97',\n  '4de8a718-4e0a-465a-899d-7c29817e2bd4.jpeg' ]","time":"2015-10-25T18:18:13.790Z","v":0}
{"name":"instads","hostname":"AOFF4","pid":4292,"level":30,"msg":"2015-10-25 16:18","time":"2015-10-25T18:18:13.793Z","v":0}
{"name":"instads","hostname":"AOFF4","pid":4292,"level":30,"msg":"2015-10-25 16:18","time":"2015-10-25T18:18:13.797Z","v":0}
{"name":"instads","hostname":"AOFF4","pid":4292,"level":30,"msg":"something went wrong { [error: date/time field value out of range: \"1445797093761\"]\n  name: 'error',\n  length: 188,\n  severity: 'ERROR',\n  code: '22008',\n  detail: undefined,\n  hint: 'Perhaps you need a different \"datestyle\" setting.',\n  position: '131',\n  internalPosition: undefined,\n  internalQuery: undefined,\n  where: undefined,\n  schema: undefined,\n  table: undefined,\n  column: undefined,\n  dataType: undefined,\n  constraint: undefined,\n  file: 'src\\\\backend\\\\utils\\\\adt\\\\datetime.c',\n  line: '3775',\n  routine: 'DateTimeParseError' }","time":"2015-10-25T18:18:13.811Z","v":0}
{"name":"instads","hostname":"AOFF4","pid":4292,"level":30,"msg":"[ 'string', 'string', 'timestamp', 'timestamp', 'int', 'uuid' ]","time":"2015-10-25T18:18:13.814Z","v":0}
{"name":"instads","hostname":"AOFF4","pid":4292,"level":30,"msg":"[ undefined,\n  'desc_here0',\n  '1445797093793',\n  '1445883493793',\n  '97',\n  '7ecbe3f7-0a9e-48cf-a4e4-e209aa7a4f44.jpeg' ]","time":"2015-10-25T18:18:13.814Z","v":0}
{"name":"instads","hostname":"AOFF4","pid":4292,"level":30,"msg":"2015-10-25 16:18","time":"2015-10-25T18:18:13.818Z","v":0}
{"name":"instads","hostname":"AOFF4","pid":4292,"level":30,"msg":"2015-10-25 16:18","time":"2015-10-25T18:18:13.819Z","v":0}
{"name":"instads","hostname":"AOFF4","pid":4292,"level":30,"msg":"something went wrong { [error: date/time field value out of range: \"1445797093793\"]\n  name: 'error',\n  length: 188,\n  severity: 'ERROR',\n  code: '22008',\n  detail: undefined,\n  hint: 'Perhaps you need a different \"datestyle\" setting.',\n  position: '115',\n  internalPosition: undefined,\n  internalQuery: undefined,\n  where: undefined,\n  schema: undefined,\n  table: undefined,\n  column: undefined,\n  dataType: undefined,\n  constraint: undefined,\n  file: 'src\\\\backend\\\\utils\\\\adt\\\\datetime.c',\n  line: '3775',\n  routine: 'DateTimeParseError' }","time":"2015-10-25T18:18:13.838Z","v":0}
{"name":"instads","hostname":"AOFF4","pid":4292,"level":30,"msg":"[ 'string', 'string', 'timestamp', 'timestamp', 'int', 'uuid' ]","time":"2015-10-25T18:18:13.839Z","v":0}
{"name":"instads","hostname":"AOFF4","pid":4292,"level":30,"msg":"[ 'SUPER DUPER TITLE0',\n  undefined,\n  '1445797093818',\n  '1445883493818',\n  '97',\n  'd870aaf6-ca0d-468b-8287-d0dd19bcd855.jpeg' ]","time":"2015-10-25T18:18:13.840Z","v":0}
{"name":"instads","hostname":"AOFF4","pid":4292,"level":30,"msg":"2015-10-25 16:18","time":"2015-10-25T18:18:13.843Z","v":0}
{"name":"instads","hostname":"AOFF4","pid":4292,"level":30,"msg":"2015-10-25 16:18","time":"2015-10-25T18:18:13.847Z","v":0}
{"name":"instads","hostname":"AOFF4","pid":4292,"level":30,"msg":"something went wrong { [error: date/time field value out of range: \"1445797093818\"]\n  name: 'error',\n  length: 188,\n  severity: 'ERROR',\n  code: '22008',\n  detail: undefined,\n  hint: 'Perhaps you need a different \"datestyle\" setting.',\n  position: '123',\n  internalPosition: undefined,\n  internalQuery: undefined,\n  where: undefined,\n  schema: undefined,\n  table: undefined,\n  column: undefined,\n  dataType: undefined,\n  constraint: undefined,\n  file: 'src\\\\backend\\\\utils\\\\adt\\\\datetime.c',\n  line: '3775',\n  routine: 'DateTimeParseError' }","time":"2015-10-25T18:18:13.859Z","v":0}
{"name":"instads","hostname":"AOFF4","pid":4292,"level":30,"msg":"[ 'string', 'string', 'timestamp', 'timestamp', 'int', 'uuid' ]","time":"2015-10-25T18:18:13.859Z","v":0}
{"name":"instads","hostname":"AOFF4","pid":4292,"level":30,"msg":"[ 'SUPER DUPER TITLE0',\n  'desc_here0',\n  '1445797093842',\n  '1445883493842',\n  undefined,\n  'b182d62f-b494-4229-8d87-e5d5b73cd591.jpeg' ]","time":"2015-10-25T18:18:13.860Z","v":0}
{"name":"instads","hostname":"AOFF4","pid":4292,"level":30,"msg":"2015-10-25 16:18","time":"2015-10-25T18:18:13.864Z","v":0}
{"name":"instads","hostname":"AOFF4","pid":4292,"level":30,"msg":"2015-10-25 16:18","time":"2015-10-25T18:18:13.865Z","v":0}
{"name":"instads","hostname":"AOFF4","pid":4292,"level":30,"msg":"something went wrong { [error: date/time field value out of range: \"1445797093842\"]\n  name: 'error',\n  length: 188,\n  severity: 'ERROR',\n  code: '22008',\n  detail: undefined,\n  hint: 'Perhaps you need a different \"datestyle\" setting.',\n  position: '131',\n  internalPosition: undefined,\n  internalQuery: undefined,\n  where: undefined,\n  schema: undefined,\n  table: undefined,\n  column: undefined,\n  dataType: undefined,\n  constraint: undefined,\n  file: 'src\\\\backend\\\\utils\\\\adt\\\\datetime.c',\n  line: '3775',\n  routine: 'DateTimeParseError' }","time":"2015-10-25T18:18:13.875Z","v":0}
{"name":"instads","hostname":"AOFF4","pid":4292,"level":30,"msg":"[ 'string', 'string', 'timestamp', 'timestamp', 'int', 'uuid' ]","time":"2015-10-25T18:18:13.876Z","v":0}
{"name":"instads","hostname":"AOFF4","pid":4292,"level":30,"msg":"[ 'SUPER DUPER TITLE0',\n  'desc_here0',\n  '1445797093862',\n  '1445883493862',\n  '97',\n  undefined ]","time":"2015-10-25T18:18:13.876Z","v":0}
{"name":"instads","hostname":"AOFF4","pid":4292,"level":30,"msg":"2015-10-25 16:18","time":"2015-10-25T18:18:13.883Z","v":0}
{"name":"instads","hostname":"AOFF4","pid":4292,"level":30,"msg":"2015-10-25 16:18","time":"2015-10-25T18:18:13.886Z","v":0}
{"name":"instads","hostname":"AOFF4","pid":4292,"level":30,"msg":"something went wrong { [error: date/time field value out of range: \"1445797093862\"]\n  name: 'error',\n  length: 188,\n  severity: 'ERROR',\n  code: '22008',\n  detail: undefined,\n  hint: 'Perhaps you need a different \"datestyle\" setting.',\n  position: '131',\n  internalPosition: undefined,\n  internalQuery: undefined,\n  where: undefined,\n  schema: undefined,\n  table: undefined,\n  column: undefined,\n  dataType: undefined,\n  constraint: undefined,\n  file: 'src\\\\backend\\\\utils\\\\adt\\\\datetime.c',\n  line: '3775',\n  routine: 'DateTimeParseError' }","time":"2015-10-25T18:18:13.889Z","v":0}
{"name":"instads","hostname":"AOFF4","pid":4292,"level":30,"msg":"[ 'string',\n  'string',\n  'timestamp',\n  'timestamp',\n  'int',\n  'uuid',\n  'int' ]","time":"2015-10-25T18:18:13.901Z","v":0}
{"name":"instads","hostname":"AOFF4","pid":4292,"level":30,"msg":"[ 'SUPER DUPER TITLE08',\n  'desc_here0',\n  '1445797093883',\n  '1445883493883',\n  '97',\n  '86235e22-3614-43a0-b0be-bed3160dcc1b.jpeg',\n  'undefined' ]","time":"2015-10-25T18:18:13.902Z","v":0}
{"name":"instads","hostname":"AOFF4","pid":4292,"level":30,"msg":"[ 'string',\n  'string',\n  'timestamp',\n  'timestamp',\n  'int',\n  'uuid',\n  'int' ]","time":"2015-10-25T18:18:13.925Z","v":0}
{"name":"instads","hostname":"AOFF4","pid":4292,"level":30,"msg":"[ 'SUPER DUPER TITLE0',\n  'desc_here0',\n  '1445797093909',\n  '1445883493909',\n  '97',\n  '4f29e9f3-c968-438b-be21-e4a20af26b7c.jpeg',\n  'undefined' ]","time":"2015-10-25T18:18:13.925Z","v":0}
{"name":"instads","hostname":"AOFF4","pid":4292,"level":30,"msg":"[ 'string', 'string', 'timestamp', 'timestamp', 'int', 'uuid' ]","time":"2015-10-25T18:19:42.612Z","v":0}
{"name":"instads","hostname":"AOFF4","pid":4292,"level":30,"msg":"[ 'SUPER DUPER TITLE0',\n  'desc_here0',\n  '1445797182585',\n  '1445883582585',\n  '97',\n  '22f9cae4-7ad7-46ad-938d-853bd83ac020.jpeg' ]","time":"2015-10-25T18:19:42.613Z","v":0}
{"name":"instads","hostname":"AOFF4","pid":4292,"level":30,"msg":"2015-10-25 16:19","time":"2015-10-25T18:19:42.615Z","v":0}
{"name":"instads","hostname":"AOFF4","pid":4292,"level":30,"msg":"2015-10-25 16:19","time":"2015-10-25T18:19:42.616Z","v":0}
{"name":"instads","hostname":"AOFF4","pid":4292,"level":30,"msg":"something went wrong { [error: date/time field value out of range: \"1445797182585\"]\n  name: 'error',\n  length: 188,\n  severity: 'ERROR',\n  code: '22008',\n  detail: undefined,\n  hint: 'Perhaps you need a different \"datestyle\" setting.',\n  position: '131',\n  internalPosition: undefined,\n  internalQuery: undefined,\n  where: undefined,\n  schema: undefined,\n  table: undefined,\n  column: undefined,\n  dataType: undefined,\n  constraint: undefined,\n  file: 'src\\\\backend\\\\utils\\\\adt\\\\datetime.c',\n  line: '3775',\n  routine: 'DateTimeParseError' }","time":"2015-10-25T18:19:42.657Z","v":0}
{"name":"instads","hostname":"AOFF4","pid":4292,"level":30,"msg":"[ 'string', 'string', 'timestamp', 'timestamp', 'int', 'uuid' ]","time":"2015-10-25T18:19:44.666Z","v":0}
{"name":"instads","hostname":"AOFF4","pid":4292,"level":30,"msg":"[ 'SUPER DUPER TITLE0',\n  'desc_here0',\n  'asd',\n  '1445883584637',\n  '97',\n  '75f2e0a2-2e63-4245-a316-2bfbce3087c1.jpeg' ]","time":"2015-10-25T18:19:44.668Z","v":0}
{"name":"instads","hostname":"AOFF4","pid":4292,"level":30,"msg":"2015-10-25 16:19","time":"2015-10-25T18:19:44.673Z","v":0}
{"name":"instads","hostname":"AOFF4","pid":4292,"level":30,"msg":"2015-10-25 16:19","time":"2015-10-25T18:19:44.673Z","v":0}
{"name":"instads","hostname":"AOFF4","pid":4292,"level":30,"msg":"something went wrong { [error: invalid input syntax for type timestamp with time zone: \"asd\"]\n  name: 'error',\n  length: 147,\n  severity: 'ERROR',\n  code: '22007',\n  detail: undefined,\n  hint: undefined,\n  position: '131',\n  internalPosition: undefined,\n  internalQuery: undefined,\n  where: undefined,\n  schema: undefined,\n  table: undefined,\n  column: undefined,\n  dataType: undefined,\n  constraint: undefined,\n  file: 'src\\\\backend\\\\utils\\\\adt\\\\datetime.c',\n  line: '3794',\n  routine: 'DateTimeParseError' }","time":"2015-10-25T18:19:44.675Z","v":0}
{"name":"instads","hostname":"AOFF4","pid":4292,"level":30,"msg":"[ 'string', 'string', 'timestamp', 'timestamp', 'int', 'uuid' ]","time":"2015-10-25T18:19:44.689Z","v":0}
{"name":"instads","hostname":"AOFF4","pid":4292,"level":30,"msg":"[ 'SUPER DUPER TITLE0',\n  'desc_here0',\n  '1445797184674',\n  '1444936784674',\n  '97',\n  '43f11b57-02c0-4804-aa68-c73c4a14d788.jpeg' ]","time":"2015-10-25T18:19:44.690Z","v":0}
{"name":"instads","hostname":"AOFF4","pid":4292,"level":30,"msg":"2015-10-25 16:19","time":"2015-10-25T18:19:44.691Z","v":0}
{"name":"instads","hostname":"AOFF4","pid":4292,"level":30,"msg":"2015-10-25 16:19","time":"2015-10-25T18:19:44.693Z","v":0}
{"name":"instads","hostname":"AOFF4","pid":4292,"level":30,"msg":"something went wrong { [error: date/time field value out of range: \"1445797184674\"]\n  name: 'error',\n  length: 188,\n  severity: 'ERROR',\n  code: '22008',\n  detail: undefined,\n  hint: 'Perhaps you need a different \"datestyle\" setting.',\n  position: '131',\n  internalPosition: undefined,\n  internalQuery: undefined,\n  where: undefined,\n  schema: undefined,\n  table: undefined,\n  column: undefined,\n  dataType: undefined,\n  constraint: undefined,\n  file: 'src\\\\backend\\\\utils\\\\adt\\\\datetime.c',\n  line: '3775',\n  routine: 'DateTimeParseError' }","time":"2015-10-25T18:19:44.704Z","v":0}
{"name":"instads","hostname":"AOFF4","pid":4292,"level":30,"msg":"[ 'string', 'string', 'timestamp', 'timestamp', 'int', 'uuid' ]","time":"2015-10-25T18:19:44.705Z","v":0}
{"name":"instads","hostname":"AOFF4","pid":4292,"level":30,"msg":"[ undefined,\n  'desc_here0',\n  '1445797184691',\n  '1445883584691',\n  '97',\n  '892d1aa7-a3c8-410e-8a14-c7b1c87d95d1.jpeg' ]","time":"2015-10-25T18:19:44.705Z","v":0}
{"name":"instads","hostname":"AOFF4","pid":4292,"level":30,"msg":"2015-10-25 16:19","time":"2015-10-25T18:19:44.707Z","v":0}
{"name":"instads","hostname":"AOFF4","pid":4292,"level":30,"msg":"2015-10-25 16:19","time":"2015-10-25T18:19:44.708Z","v":0}
{"name":"instads","hostname":"AOFF4","pid":4292,"level":30,"msg":"something went wrong { [error: date/time field value out of range: \"1445797184691\"]\n  name: 'error',\n  length: 188,\n  severity: 'ERROR',\n  code: '22008',\n  detail: undefined,\n  hint: 'Perhaps you need a different \"datestyle\" setting.',\n  position: '115',\n  internalPosition: undefined,\n  internalQuery: undefined,\n  where: undefined,\n  schema: undefined,\n  table: undefined,\n  column: undefined,\n  dataType: undefined,\n  constraint: undefined,\n  file: 'src\\\\backend\\\\utils\\\\adt\\\\datetime.c',\n  line: '3775',\n  routine: 'DateTimeParseError' }","time":"2015-10-25T18:19:44.717Z","v":0}
{"name":"instads","hostname":"AOFF4","pid":4292,"level":30,"msg":"[ 'string', 'string', 'timestamp', 'timestamp', 'int', 'uuid' ]","time":"2015-10-25T18:19:44.722Z","v":0}
{"name":"instads","hostname":"AOFF4","pid":4292,"level":30,"msg":"[ 'SUPER DUPER TITLE0',\n  undefined,\n  '1445797184707',\n  '1445883584707',\n  '97',\n  '9e22eefc-c259-4cfb-9904-fd0ce3f00508.jpeg' ]","time":"2015-10-25T18:19:44.723Z","v":0}
{"name":"instads","hostname":"AOFF4","pid":4292,"level":30,"msg":"2015-10-25 16:19","time":"2015-10-25T18:19:44.726Z","v":0}
{"name":"instads","hostname":"AOFF4","pid":4292,"level":30,"msg":"2015-10-25 16:19","time":"2015-10-25T18:19:44.731Z","v":0}
{"name":"instads","hostname":"AOFF4","pid":4292,"level":30,"msg":"something went wrong { [error: date/time field value out of range: \"1445797184707\"]\n  name: 'error',\n  length: 188,\n  severity: 'ERROR',\n  code: '22008',\n  detail: undefined,\n  hint: 'Perhaps you need a different \"datestyle\" setting.',\n  position: '123',\n  internalPosition: undefined,\n  internalQuery: undefined,\n  where: undefined,\n  schema: undefined,\n  table: undefined,\n  column: undefined,\n  dataType: undefined,\n  constraint: undefined,\n  file: 'src\\\\backend\\\\utils\\\\adt\\\\datetime.c',\n  line: '3775',\n  routine: 'DateTimeParseError' }","time":"2015-10-25T18:19:44.739Z","v":0}
{"name":"instads","hostname":"AOFF4","pid":4292,"level":30,"msg":"[ 'string', 'string', 'timestamp', 'timestamp', 'int', 'uuid' ]","time":"2015-10-25T18:19:44.740Z","v":0}
{"name":"instads","hostname":"AOFF4","pid":4292,"level":30,"msg":"[ 'SUPER DUPER TITLE0',\n  'desc_here0',\n  '1445797184725',\n  '1445883584725',\n  undefined,\n  '6a7fb9d3-5c6a-4291-9ca7-bb80fbba6f9a.jpeg' ]","time":"2015-10-25T18:19:44.741Z","v":0}
{"name":"instads","hostname":"AOFF4","pid":4292,"level":30,"msg":"2015-10-25 16:19","time":"2015-10-25T18:19:44.745Z","v":0}
{"name":"instads","hostname":"AOFF4","pid":4292,"level":30,"msg":"2015-10-25 16:19","time":"2015-10-25T18:19:44.747Z","v":0}
{"name":"instads","hostname":"AOFF4","pid":4292,"level":30,"msg":"something went wrong { [error: date/time field value out of range: \"1445797184725\"]\n  name: 'error',\n  length: 188,\n  severity: 'ERROR',\n  code: '22008',\n  detail: undefined,\n  hint: 'Perhaps you need a different \"datestyle\" setting.',\n  position: '131',\n  internalPosition: undefined,\n  internalQuery: undefined,\n  where: undefined,\n  schema: undefined,\n  table: undefined,\n  column: undefined,\n  dataType: undefined,\n  constraint: undefined,\n  file: 'src\\\\backend\\\\utils\\\\adt\\\\datetime.c',\n  line: '3775',\n  routine: 'DateTimeParseError' }","time":"2015-10-25T18:19:44.752Z","v":0}
{"name":"instads","hostname":"AOFF4","pid":4292,"level":30,"msg":"[ 'string', 'string', 'timestamp', 'timestamp', 'int', 'uuid' ]","time":"2015-10-25T18:19:44.754Z","v":0}
{"name":"instads","hostname":"AOFF4","pid":4292,"level":30,"msg":"[ 'SUPER DUPER TITLE0',\n  'desc_here0',\n  '1445797184742',\n  '1445883584742',\n  '97',\n  undefined ]","time":"2015-10-25T18:19:44.754Z","v":0}
{"name":"instads","hostname":"AOFF4","pid":4292,"level":30,"msg":"2015-10-25 16:19","time":"2015-10-25T18:19:44.763Z","v":0}
{"name":"instads","hostname":"AOFF4","pid":4292,"level":30,"msg":"2015-10-25 16:19","time":"2015-10-25T18:19:44.763Z","v":0}
{"name":"instads","hostname":"AOFF4","pid":4292,"level":30,"msg":"something went wrong { [error: date/time field value out of range: \"1445797184742\"]\n  name: 'error',\n  length: 188,\n  severity: 'ERROR',\n  code: '22008',\n  detail: undefined,\n  hint: 'Perhaps you need a different \"datestyle\" setting.',\n  position: '131',\n  internalPosition: undefined,\n  internalQuery: undefined,\n  where: undefined,\n  schema: undefined,\n  table: undefined,\n  column: undefined,\n  dataType: undefined,\n  constraint: undefined,\n  file: 'src\\\\backend\\\\utils\\\\adt\\\\datetime.c',\n  line: '3775',\n  routine: 'DateTimeParseError' }","time":"2015-10-25T18:19:44.771Z","v":0}
{"name":"instads","hostname":"AOFF4","pid":4292,"level":30,"msg":"[ 'string',\n  'string',\n  'timestamp',\n  'timestamp',\n  'int',\n  'uuid',\n  'int' ]","time":"2015-10-25T18:19:44.772Z","v":0}
{"name":"instads","hostname":"AOFF4","pid":4292,"level":30,"msg":"[ 'SUPER DUPER TITLE08',\n  'desc_here0',\n  '1445797184756',\n  '1445883584756',\n  '97',\n  '7f3f1cd9-91e4-441c-8a73-7394496a4243.jpeg',\n  'undefined' ]","time":"2015-10-25T18:19:44.773Z","v":0}
{"name":"instads","hostname":"AOFF4","pid":4292,"level":30,"msg":"[ 'string',\n  'string',\n  'timestamp',\n  'timestamp',\n  'int',\n  'uuid',\n  'int' ]","time":"2015-10-25T18:19:44.786Z","v":0}
{"name":"instads","hostname":"AOFF4","pid":4292,"level":30,"msg":"[ 'SUPER DUPER TITLE0',\n  'desc_here0',\n  '1445797184775',\n  '1445883584775',\n  '97',\n  'fae8331b-7e6a-4bb4-9a11-75cfbddfe853.jpeg',\n  'undefined' ]","time":"2015-10-25T18:19:44.787Z","v":0}
{"name":"instads","hostname":"AOFF4","pid":2596,"level":30,"msg":"2015-10-25 16:20","time":"2015-10-25T18:20:57.804Z","v":0}
{"name":"instads","hostname":"AOFF4","pid":2596,"level":30,"msg":"2015-10-25 16:20","time":"2015-10-25T18:20:57.805Z","v":0}
{"name":"instads","hostname":"AOFF4","pid":2596,"level":30,"msg":"something went wrong { [error: date/time field value out of range: \"1445797257749\"]\n  name: 'error',\n  length: 188,\n  severity: 'ERROR',\n  code: '22008',\n  detail: undefined,\n  hint: 'Perhaps you need a different \"datestyle\" setting.',\n  position: '131',\n  internalPosition: undefined,\n  internalQuery: undefined,\n  where: undefined,\n  schema: undefined,\n  table: undefined,\n  column: undefined,\n  dataType: undefined,\n  constraint: undefined,\n  file: 'src\\\\backend\\\\utils\\\\adt\\\\datetime.c',\n  line: '3775',\n  routine: 'DateTimeParseError' }","time":"2015-10-25T18:20:57.815Z","v":0}
{"name":"instads","hostname":"AOFF4","pid":2596,"level":30,"msg":"2015-10-25 16:20","time":"2015-10-25T18:20:59.866Z","v":0}
{"name":"instads","hostname":"AOFF4","pid":2596,"level":30,"msg":"2015-10-25 16:20","time":"2015-10-25T18:20:59.868Z","v":0}
{"name":"instads","hostname":"AOFF4","pid":2596,"level":30,"msg":"something went wrong { [error: invalid input syntax for type timestamp with time zone: \"asd\"]\n  name: 'error',\n  length: 147,\n  severity: 'ERROR',\n  code: '22007',\n  detail: undefined,\n  hint: undefined,\n  position: '131',\n  internalPosition: undefined,\n  internalQuery: undefined,\n  where: undefined,\n  schema: undefined,\n  table: undefined,\n  column: undefined,\n  dataType: undefined,\n  constraint: undefined,\n  file: 'src\\\\backend\\\\utils\\\\adt\\\\datetime.c',\n  line: '3794',\n  routine: 'DateTimeParseError' }","time":"2015-10-25T18:20:59.874Z","v":0}
{"name":"instads","hostname":"AOFF4","pid":2596,"level":30,"msg":"2015-10-25 16:20","time":"2015-10-25T18:20:59.893Z","v":0}
{"name":"instads","hostname":"AOFF4","pid":2596,"level":30,"msg":"2015-10-25 16:20","time":"2015-10-25T18:20:59.895Z","v":0}
{"name":"instads","hostname":"AOFF4","pid":2596,"level":30,"msg":"something went wrong { [error: date/time field value out of range: \"1445797259869\"]\n  name: 'error',\n  length: 188,\n  severity: 'ERROR',\n  code: '22008',\n  detail: undefined,\n  hint: 'Perhaps you need a different \"datestyle\" setting.',\n  position: '131',\n  internalPosition: undefined,\n  internalQuery: undefined,\n  where: undefined,\n  schema: undefined,\n  table: undefined,\n  column: undefined,\n  dataType: undefined,\n  constraint: undefined,\n  file: 'src\\\\backend\\\\utils\\\\adt\\\\datetime.c',\n  line: '3775',\n  routine: 'DateTimeParseError' }","time":"2015-10-25T18:20:59.900Z","v":0}
{"name":"instads","hostname":"AOFF4","pid":2596,"level":30,"msg":"2015-10-25 16:20","time":"2015-10-25T18:20:59.915Z","v":0}
{"name":"instads","hostname":"AOFF4","pid":2596,"level":30,"msg":"2015-10-25 16:20","time":"2015-10-25T18:20:59.915Z","v":0}
{"name":"instads","hostname":"AOFF4","pid":2596,"level":30,"msg":"something went wrong { [error: date/time field value out of range: \"1445797259893\"]\n  name: 'error',\n  length: 188,\n  severity: 'ERROR',\n  code: '22008',\n  detail: undefined,\n  hint: 'Perhaps you need a different \"datestyle\" setting.',\n  position: '115',\n  internalPosition: undefined,\n  internalQuery: undefined,\n  where: undefined,\n  schema: undefined,\n  table: undefined,\n  column: undefined,\n  dataType: undefined,\n  constraint: undefined,\n  file: 'src\\\\backend\\\\utils\\\\adt\\\\datetime.c',\n  line: '3775',\n  routine: 'DateTimeParseError' }","time":"2015-10-25T18:20:59.918Z","v":0}
{"name":"instads","hostname":"AOFF4","pid":2596,"level":30,"msg":"2015-10-25 16:20","time":"2015-10-25T18:20:59.937Z","v":0}
{"name":"instads","hostname":"AOFF4","pid":2596,"level":30,"msg":"2015-10-25 16:20","time":"2015-10-25T18:20:59.939Z","v":0}
{"name":"instads","hostname":"AOFF4","pid":2596,"level":30,"msg":"something went wrong { [error: date/time field value out of range: \"1445797259915\"]\n  name: 'error',\n  length: 188,\n  severity: 'ERROR',\n  code: '22008',\n  detail: undefined,\n  hint: 'Perhaps you need a different \"datestyle\" setting.',\n  position: '123',\n  internalPosition: undefined,\n  internalQuery: undefined,\n  where: undefined,\n  schema: undefined,\n  table: undefined,\n  column: undefined,\n  dataType: undefined,\n  constraint: undefined,\n  file: 'src\\\\backend\\\\utils\\\\adt\\\\datetime.c',\n  line: '3775',\n  routine: 'DateTimeParseError' }","time":"2015-10-25T18:20:59.941Z","v":0}
{"name":"instads","hostname":"AOFF4","pid":2596,"level":30,"msg":"2015-10-25 16:20","time":"2015-10-25T18:20:59.955Z","v":0}
{"name":"instads","hostname":"AOFF4","pid":2596,"level":30,"msg":"2015-10-25 16:20","time":"2015-10-25T18:20:59.956Z","v":0}
{"name":"instads","hostname":"AOFF4","pid":2596,"level":30,"msg":"something went wrong { [error: date/time field value out of range: \"1445797259937\"]\n  name: 'error',\n  length: 188,\n  severity: 'ERROR',\n  code: '22008',\n  detail: undefined,\n  hint: 'Perhaps you need a different \"datestyle\" setting.',\n  position: '131',\n  internalPosition: undefined,\n  internalQuery: undefined,\n  where: undefined,\n  schema: undefined,\n  table: undefined,\n  column: undefined,\n  dataType: undefined,\n  constraint: undefined,\n  file: 'src\\\\backend\\\\utils\\\\adt\\\\datetime.c',\n  line: '3775',\n  routine: 'DateTimeParseError' }","time":"2015-10-25T18:20:59.958Z","v":0}
{"name":"instads","hostname":"AOFF4","pid":2596,"level":30,"msg":"2015-10-25 16:20","time":"2015-10-25T18:20:59.973Z","v":0}
{"name":"instads","hostname":"AOFF4","pid":2596,"level":30,"msg":"2015-10-25 16:20","time":"2015-10-25T18:20:59.974Z","v":0}
{"name":"instads","hostname":"AOFF4","pid":2596,"level":30,"msg":"something went wrong { [error: date/time field value out of range: \"1445797259956\"]\n  name: 'error',\n  length: 188,\n  severity: 'ERROR',\n  code: '22008',\n  detail: undefined,\n  hint: 'Perhaps you need a different \"datestyle\" setting.',\n  position: '131',\n  internalPosition: undefined,\n  internalQuery: undefined,\n  where: undefined,\n  schema: undefined,\n  table: undefined,\n  column: undefined,\n  dataType: undefined,\n  constraint: undefined,\n  file: 'src\\\\backend\\\\utils\\\\adt\\\\datetime.c',\n  line: '3775',\n  routine: 'DateTimeParseError' }","time":"2015-10-25T18:20:59.979Z","v":0}
{"name":"instads","hostname":"AOFF4","pid":3704,"level":30,"msg":"Created competition with id: 3","time":"2015-10-25T18:24:22.211Z","v":0}
{"name":"instads","hostname":"AOFF4","pid":3704,"level":30,"msg":"Created competition with id: 4","time":"2015-10-25T18:24:24.235Z","v":0}
{"name":"instads","hostname":"AOFF4","pid":3704,"level":30,"msg":"Created competition with id: 5","time":"2015-10-25T18:24:24.256Z","v":0}
{"name":"instads","hostname":"AOFF4","pid":2956,"level":30,"_isAMomentObject":true,"_i":1445797651534000,"_isUTC":false,"_locale":{"_ordinalParse":{},"_abbr":"en","_ordinalParseLenient":{}},"_d":"+047785-07-03T02:45:34.000Z","_z":null,"msg":"","time":"2015-10-25T18:27:31.588Z","v":0}
{"name":"instads","hostname":"AOFF4","pid":2956,"level":30,"_isAMomentObject":true,"_i":1445711251534000,"_isUTC":false,"_locale":{"_ordinalParse":{},"_abbr":"en","_ordinalParseLenient":{}},"_d":"+047782-10-07T02:45:34.000Z","_z":null,"msg":"","time":"2015-10-25T18:27:31.590Z","v":0}
{"name":"instads","hostname":"AOFF4","pid":2956,"level":30,"_isAMomentObject":true,"_i":null,"_isUTC":false,"_locale":{"_ordinalParse":{},"_abbr":"en","_ordinalParseLenient":{}},"_d":null,"_z":null,"msg":"","time":"2015-10-25T18:27:33.650Z","v":0}
{"name":"instads","hostname":"AOFF4","pid":2956,"level":30,"_isAMomentObject":true,"_i":1445711253604000,"_isUTC":false,"_locale":{"_ordinalParse":{},"_abbr":"en","_ordinalParseLenient":{}},"_d":"+047782-10-07T03:20:04.000Z","_z":null,"msg":"","time":"2015-10-25T18:27:33.650Z","v":0}
{"name":"instads","hostname":"AOFF4","pid":2956,"level":30,"_isAMomentObject":true,"_i":1445797653647000,"_isUTC":false,"_locale":{"_ordinalParse":{},"_abbr":"en","_ordinalParseLenient":{}},"_d":"+047785-07-03T03:20:47.000Z","_z":null,"msg":"","time":"2015-10-25T18:27:33.676Z","v":0}
{"name":"instads","hostname":"AOFF4","pid":2956,"level":30,"_isAMomentObject":true,"_i":1444937253648000,"_isUTC":false,"_locale":{"_ordinalParse":{},"_abbr":"en","_ordinalParseLenient":{}},"_d":"+047758-03-28T19:20:48.000Z","_z":null,"msg":"","time":"2015-10-25T18:27:33.677Z","v":0}
{"name":"instads","hostname":"AOFF4","pid":2956,"level":30,"_isAMomentObject":true,"_i":1445797653676000,"_isUTC":false,"_locale":{"_ordinalParse":{},"_abbr":"en","_ordinalParseLenient":{}},"_d":"+047785-07-03T03:21:16.000Z","_z":null,"msg":"","time":"2015-10-25T18:27:33.694Z","v":0}
{"name":"instads","hostname":"AOFF4","pid":2956,"level":30,"_isAMomentObject":true,"_i":1445711253676000,"_isUTC":false,"_locale":{"_ordinalParse":{},"_abbr":"en","_ordinalParseLenient":{}},"_d":"+047782-10-07T03:21:16.000Z","_z":null,"msg":"","time":"2015-10-25T18:27:33.694Z","v":0}
{"name":"instads","hostname":"AOFF4","pid":2956,"level":30,"_isAMomentObject":true,"_i":1445797653694000,"_isUTC":false,"_locale":{"_ordinalParse":{},"_abbr":"en","_ordinalParseLenient":{}},"_d":"+047785-07-03T03:21:34.000Z","_z":null,"msg":"","time":"2015-10-25T18:27:33.708Z","v":0}
{"name":"instads","hostname":"AOFF4","pid":2956,"level":30,"_isAMomentObject":true,"_i":1445711253694000,"_isUTC":false,"_locale":{"_ordinalParse":{},"_abbr":"en","_ordinalParseLenient":{}},"_d":"+047782-10-07T03:21:34.000Z","_z":null,"msg":"","time":"2015-10-25T18:27:33.708Z","v":0}
{"name":"instads","hostname":"AOFF4","pid":2956,"level":30,"_isAMomentObject":true,"_i":1445797653709000,"_isUTC":false,"_locale":{"_ordinalParse":{},"_abbr":"en","_ordinalParseLenient":{}},"_d":"+047785-07-03T03:21:49.000Z","_z":null,"msg":"","time":"2015-10-25T18:27:33.725Z","v":0}
{"name":"instads","hostname":"AOFF4","pid":2956,"level":30,"_isAMomentObject":true,"_i":1445711253709000,"_isUTC":false,"_locale":{"_ordinalParse":{},"_abbr":"en","_ordinalParseLenient":{}},"_d":"+047782-10-07T03:21:49.000Z","_z":null,"msg":"","time":"2015-10-25T18:27:33.725Z","v":0}
{"name":"instads","hostname":"AOFF4","pid":2956,"level":30,"_isAMomentObject":true,"_i":1445797653725000,"_isUTC":false,"_locale":{"_ordinalParse":{},"_abbr":"en","_ordinalParseLenient":{}},"_d":"+047785-07-03T03:22:05.000Z","_z":null,"msg":"","time":"2015-10-25T18:27:33.734Z","v":0}
{"name":"instads","hostname":"AOFF4","pid":2956,"level":30,"_isAMomentObject":true,"_i":1445711253725000,"_isUTC":false,"_locale":{"_ordinalParse":{},"_abbr":"en","_ordinalParseLenient":{}},"_d":"+047782-10-07T03:22:05.000Z","_z":null,"msg":"","time":"2015-10-25T18:27:33.735Z","v":0}
{"name":"instads","hostname":"AOFF4","pid":2016,"level":30,"msg":"47785-07-03 11:23","time":"2015-10-25T18:28:13.452Z","v":0}
{"name":"instads","hostname":"AOFF4","pid":2016,"level":30,"msg":"47782-10-07 11:23","time":"2015-10-25T18:28:13.453Z","v":0}
{"name":"instads","hostname":"AOFF4","pid":2016,"level":30,"msg":"Invalid date","time":"2015-10-25T18:28:15.509Z","v":0}
{"name":"instads","hostname":"AOFF4","pid":2016,"level":30,"msg":"47782-10-07 11:57","time":"2015-10-25T18:28:15.516Z","v":0}
{"name":"instads","hostname":"AOFF4","pid":2016,"level":30,"msg":"47785-07-03 11:58","time":"2015-10-25T18:28:15.535Z","v":0}
{"name":"instads","hostname":"AOFF4","pid":2016,"level":30,"msg":"47758-03-29 03:58","time":"2015-10-25T18:28:15.535Z","v":0}
{"name":"instads","hostname":"AOFF4","pid":2016,"level":30,"msg":"47785-07-03 11:58","time":"2015-10-25T18:28:15.554Z","v":0}
{"name":"instads","hostname":"AOFF4","pid":2016,"level":30,"msg":"47782-10-07 11:58","time":"2015-10-25T18:28:15.554Z","v":0}
{"name":"instads","hostname":"AOFF4","pid":2016,"level":30,"msg":"47785-07-03 11:59","time":"2015-10-25T18:28:15.573Z","v":0}
{"name":"instads","hostname":"AOFF4","pid":2016,"level":30,"msg":"47782-10-07 11:59","time":"2015-10-25T18:28:15.573Z","v":0}
{"name":"instads","hostname":"AOFF4","pid":2016,"level":30,"msg":"47785-07-03 11:59","time":"2015-10-25T18:28:15.589Z","v":0}
{"name":"instads","hostname":"AOFF4","pid":2016,"level":30,"msg":"47782-10-07 11:59","time":"2015-10-25T18:28:15.590Z","v":0}
{"name":"instads","hostname":"AOFF4","pid":2016,"level":30,"msg":"47785-07-03 11:59","time":"2015-10-25T18:28:15.601Z","v":0}
{"name":"instads","hostname":"AOFF4","pid":2016,"level":30,"msg":"47782-10-07 11:59","time":"2015-10-25T18:28:15.601Z","v":0}
{"name":"instads","hostname":"AOFF4","pid":5628,"level":30,"msg":"[ 'SUPER DUPER TITLE0',\n  'desc_here0',\n  '2015-10-25 16:29',\n  '2015-10-25 16:29',\n  '97',\n  '7a173256-2795-4ae5-bd2a-a2a928f7cf6e.jpeg' ]","time":"2015-10-25T18:29:52.656Z","v":0}
{"name":"instads","hostname":"AOFF4","pid":5628,"level":30,"msg":"Created competition with id: 10","time":"2015-10-25T18:29:52.665Z","v":0}
{"name":"instads","hostname":"AOFF4","pid":5628,"level":30,"msg":"[ 'SUPER DUPER TITLE0',\n  'desc_here0',\n  '2015-10-25 16:29',\n  '2015-10-25 16:29',\n  '97',\n  '3bf79d65-9e22-42b5-859e-f075d4cd2e7f.jpeg' ]","time":"2015-10-25T18:29:52.740Z","v":0}
{"name":"instads","hostname":"AOFF4","pid":5628,"level":30,"msg":"Created competition with id: 11","time":"2015-10-25T18:29:52.757Z","v":0}
{"name":"instads","hostname":"AOFF4","pid":5628,"level":30,"msg":"[ 'SUPER DUPER TITLE0',\n  'desc_here0',\n  '2015-10-25 16:29',\n  '2015-10-25 16:29',\n  '97',\n  '3b05365a-4fc9-41aa-9a04-df9f79daa4da.jpeg' ]","time":"2015-10-25T18:29:52.760Z","v":0}
{"name":"instads","hostname":"AOFF4","pid":5628,"level":30,"msg":"Created competition with id: 12","time":"2015-10-25T18:29:52.762Z","v":0}
{"name":"instads","hostname":"AOFF4","pid":5628,"level":30,"msg":"[ undefined,\n  'desc_here0',\n  '2015-10-25 16:29',\n  '2015-10-25 16:29',\n  '97',\n  '15ae73f6-dab1-4093-9df4-ad0bb808ef7a.jpeg' ]","time":"2015-10-25T18:29:52.778Z","v":0}
{"name":"instads","hostname":"AOFF4","pid":5628,"level":30,"msg":"[ 'SUPER DUPER TITLE0',\n  undefined,\n  '2015-10-25 16:29',\n  '2015-10-25 16:29',\n  '97',\n  '759de82f-e869-4227-ba48-0a9348ca2af5.jpeg' ]","time":"2015-10-25T18:29:52.798Z","v":0}
{"name":"instads","hostname":"AOFF4","pid":5628,"level":30,"msg":"[ 'SUPER DUPER TITLE0',\n  'desc_here0',\n  '2015-10-25 16:29',\n  '2015-10-25 16:29',\n  undefined,\n  'b2a07ffc-1d7b-447c-8b29-2fa7767f50d2.jpeg' ]","time":"2015-10-25T18:29:52.817Z","v":0}
{"name":"instads","hostname":"AOFF4","pid":5628,"level":30,"msg":"[ 'SUPER DUPER TITLE0',\n  'desc_here0',\n  '2015-10-25 16:29',\n  '2015-10-25 16:29',\n  '97',\n  undefined ]","time":"2015-10-25T18:29:52.834Z","v":0}
{"name":"instads","hostname":"AOFF4","pid":3248,"level":30,"msg":"[ 'SUPER DUPER TITLE0',\n  'desc_here0',\n  '2015-10-25 17:22',\n  '2015-10-25 17:22',\n  '97',\n  '395eaa9c-cc11-44d7-9341-114795b9b36a.jpeg' ]","time":"2015-10-25T19:22:05.880Z","v":0}
{"name":"instads","hostname":"AOFF4","pid":3248,"level":30,"msg":"Created competition with id: 17","time":"2015-10-25T19:22:05.911Z","v":0}
{"name":"instads","hostname":"AOFF4","pid":3248,"level":30,"msg":"[ 'SUPER DUPER TITLE0',\n  'desc_here0',\n  '2015-10-25 17:22',\n  '2015-10-25 17:22',\n  '97',\n  '3e1377de-1e2d-4c3e-a96c-7cfe44867852.jpeg' ]","time":"2015-10-25T19:22:05.989Z","v":0}
{"name":"instads","hostname":"AOFF4","pid":3248,"level":30,"msg":"Created competition with id: 18","time":"2015-10-25T19:22:05.989Z","v":0}
{"name":"instads","hostname":"AOFF4","pid":3248,"level":30,"msg":"[ undefined,\n  'desc_here0',\n  '2015-10-25 17:22',\n  '2015-10-25 17:22',\n  '97',\n  '132d8bee-44bc-4fa2-9191-d2026c94fece.jpeg' ]","time":"2015-10-25T19:22:08.025Z","v":0}
{"name":"instads","hostname":"AOFF4","pid":3248,"level":30,"msg":"[ 'SUPER DUPER TITLE0',\n  undefined,\n  '2015-10-25 17:22',\n  '2015-10-25 17:22',\n  '97',\n  '45f2ea65-0682-4eff-a03d-2d58795ba077.jpeg' ]","time":"2015-10-25T19:22:08.040Z","v":0}
{"name":"instads","hostname":"AOFF4","pid":3248,"level":30,"msg":"[ 'SUPER DUPER TITLE0',\n  'desc_here0',\n  '2015-10-25 17:22',\n  '2015-10-25 17:22',\n  undefined,\n  '1cb7023f-150e-45bf-a8fd-fb5519ac9cc8.jpeg' ]","time":"2015-10-25T19:22:08.056Z","v":0}
{"name":"instads","hostname":"AOFF4","pid":3248,"level":30,"msg":"[ 'SUPER DUPER TITLE0',\n  'desc_here0',\n  '2015-10-25 17:22',\n  '2015-10-25 17:22',\n  '97',\n  undefined ]","time":"2015-10-25T19:22:08.072Z","v":0}
{"name":"instads","hostname":"AOFF4","pid":5776,"level":30,"msg":"[ 'string', 'string', 'timestamp', 'timestamp', 'int', 'uuid' ]","time":"2015-10-25T19:23:34.160Z","v":0}
{"name":"instads","hostname":"AOFF4","pid":5776,"level":30,"msg":"[ 'SUPER DUPER TITLE0',\n  'desc_here0',\n  '2015-02-02 10:23',\n  '2015-02-03 16:23',\n  '97',\n  '68578a17-becf-4b09-bc46-34ebcc03d44a.jpeg' ]","time":"2015-10-25T19:23:34.160Z","v":0}
{"name":"instads","hostname":"AOFF4","pid":5776,"level":30,"msg":"Created competition with id: 23","time":"2015-10-25T19:23:34.176Z","v":0}
{"name":"instads","hostname":"AOFF4","pid":6728,"level":30,"msg":"[ 'string', 'string', 'timestamp', 'timestamp', 'int', 'uuid' ]","time":"2015-10-26T18:18:01.844Z","v":0}
{"name":"instads","hostname":"AOFF4","pid":6728,"level":30,"msg":"[ 'SUPER DUPER TITLE0',\n  'desc_here0',\n  '2015-02-02 10:23',\n  '2015-02-03 16:23',\n  '97',\n  '161b8d3b-49b4-4769-b811-c454abf55621.jpeg' ]","time":"2015-10-26T18:18:01.846Z","v":0}
{"name":"instads","hostname":"AOFF4","pid":6728,"level":30,"msg":"Created competition with id: 24","time":"2015-10-26T18:18:01.866Z","v":0}
{"name":"instads","hostname":"AOFF4","pid":6124,"level":30,"msg":"[ 'string', 'string', 'timestamp', 'timestamp', 'int', 'uuid' ]","time":"2015-10-26T18:19:57.188Z","v":0}
{"name":"instads","hostname":"AOFF4","pid":6124,"level":30,"msg":"[ 'SUPER DUPER TITLE0',\n  'desc_here0',\n  '2015-02-02 10:23',\n  '2015-02-03 16:23',\n  '97',\n  '5e8eaca2-ca68-4412-a9eb-f9d4edbe279e.jpeg' ]","time":"2015-10-26T18:19:57.189Z","v":0}
{"name":"instads","hostname":"AOFF4","pid":6124,"level":30,"msg":"Created competition with id: 25","time":"2015-10-26T18:19:57.229Z","v":0}
{"name":"instads","hostname":"AOFF4","pid":6124,"level":30,"msg":"[ 'string', 'string', 'timestamp', 'timestamp', 'int', 'uuid' ]","time":"2015-10-26T18:19:57.302Z","v":0}
{"name":"instads","hostname":"AOFF4","pid":6124,"level":30,"msg":"[ 'SUPER DUPER TITLE0',\n  'desc_here0',\n  'asd',\n  '2015-02-03 16:23',\n  '97',\n  'dc2359d9-f0e0-40e5-aa56-4b749daa6fb9.jpeg' ]","time":"2015-10-26T18:19:57.302Z","v":0}
{"name":"instads","hostname":"AOFF4","pid":6124,"level":30,"msg":"[ 'string', 'string', 'timestamp', 'timestamp', 'int', 'uuid' ]","time":"2015-10-26T18:19:57.324Z","v":0}
{"name":"instads","hostname":"AOFF4","pid":6124,"level":30,"msg":"[ 'SUPER DUPER TITLE0',\n  'desc_here0',\n  '2015-02-02 10:23',\n  '2015-02-01 10:23',\n  '97',\n  '487bb027-c670-4460-81e6-6369c6742075.jpeg' ]","time":"2015-10-26T18:19:57.324Z","v":0}
{"name":"instads","hostname":"AOFF4","pid":6124,"level":30,"msg":"[ 'string', 'string', 'timestamp', 'timestamp', 'int', 'uuid' ]","time":"2015-10-26T18:19:59.359Z","v":0}
{"name":"instads","hostname":"AOFF4","pid":6124,"level":30,"msg":"[ undefined,\n  'desc_here0',\n  '2015-02-02 10:23',\n  '2015-02-03 16:23',\n  '97',\n  '61c7be30-a898-4d05-a08d-5f007d526f24.jpeg' ]","time":"2015-10-26T18:19:59.360Z","v":0}
{"name":"instads","hostname":"AOFF4","pid":6124,"level":30,"msg":"[ 'string', 'string', 'timestamp', 'timestamp', 'int', 'uuid' ]","time":"2015-10-26T18:19:59.383Z","v":0}
{"name":"instads","hostname":"AOFF4","pid":6124,"level":30,"msg":"[ 'SUPER DUPER TITLE0',\n  undefined,\n  '2015-02-02 10:23',\n  '2015-02-03 16:23',\n  '97',\n  '0575cc01-95fd-4e97-9f14-42c1c33f1640.jpeg' ]","time":"2015-10-26T18:19:59.383Z","v":0}
{"name":"instads","hostname":"AOFF4","pid":6124,"level":30,"msg":"[ 'string', 'string', 'timestamp', 'timestamp', 'int', 'uuid' ]","time":"2015-10-26T18:19:59.406Z","v":0}
{"name":"instads","hostname":"AOFF4","pid":6124,"level":30,"msg":"[ 'SUPER DUPER TITLE0',\n  'desc_here0',\n  '2015-02-02 10:23',\n  '2015-02-03 16:23',\n  undefined,\n  '55e29fc2-d4c8-432b-a01e-f589ea005d51.jpeg' ]","time":"2015-10-26T18:19:59.407Z","v":0}
{"name":"instads","hostname":"AOFF4","pid":6124,"level":30,"msg":"[ 'string', 'string', 'timestamp', 'timestamp', 'int', 'uuid' ]","time":"2015-10-26T18:19:59.416Z","v":0}
{"name":"instads","hostname":"AOFF4","pid":6124,"level":30,"msg":"[ 'SUPER DUPER TITLE0',\n  'desc_here0',\n  '2015-02-02 10:23',\n  '2015-02-03 16:23',\n  '97',\n  undefined ]","time":"2015-10-26T18:19:59.416Z","v":0}
{"name":"instads","hostname":"AOFF4","pid":6124,"level":30,"msg":"[ 'string',\n  'string',\n  'timestamp',\n  'timestamp',\n  'int',\n  'uuid',\n  'int' ]","time":"2015-10-26T18:19:59.435Z","v":0}
{"name":"instads","hostname":"AOFF4","pid":6124,"level":30,"msg":"[ 'SUPER DUPER TITLE08',\n  'desc_here0',\n  '2015-02-02 10:23',\n  '2015-02-03 16:23',\n  '97',\n  '4111ea89-2da4-4e54-b0b0-35b84ca023bc.jpeg',\n  '25' ]","time":"2015-10-26T18:19:59.435Z","v":0}
{"name":"instads","hostname":"AOFF4","pid":6124,"level":30,"msg":"[ 'string',\n  'string',\n  'timestamp',\n  'timestamp',\n  'int',\n  'uuid',\n  'int' ]","time":"2015-10-26T18:20:01.451Z","v":0}
{"name":"instads","hostname":"AOFF4","pid":6124,"level":30,"msg":"[ 'SUPER DUPER TITLE0',\n  'desc_here0',\n  '2015-02-02 10:23',\n  '2015-02-03 16:23',\n  '97',\n  '8fe2b79b-13b7-4426-9846-cf019edb826b.jpeg',\n  '25' ]","time":"2015-10-26T18:20:01.452Z","v":0}
{"name":"instads","hostname":"AOFF4","pid":3584,"level":30,"msg":"Created competition with id: 30","time":"2015-10-26T18:21:41.197Z","v":0}
{"name":"instads","hostname":"AOFF4","pid":5680,"level":30,"msg":"Created competition with id: 35","time":"2015-10-26T18:22:32.202Z","v":0}
{"name":"instads","hostname":"AOFF4","pid":5680,"level":30,"msg":"Created competition with id: 36","time":"2015-10-26T18:22:32.308Z","v":0}
{"name":"instads","hostname":"AOFF4","pid":5680,"level":30,"msg":"Created competition with id: 41","time":"2015-10-26T18:23:28.565Z","v":0}
{"name":"instads","hostname":"AOFF4","pid":3220,"level":30,"msg":"Created competition with id: 42","time":"2015-10-26T18:24:04.689Z","v":0}
{"name":"instads","hostname":"AOFF4","pid":3220,"level":30,"err":{"message":"invalid input syntax for integer: \"496587a6-07a2-4a98-819e-3c45cfb9de51.jpeg\"","name":"error","stack":"error: invalid input syntax for integer: \"496587a6-07a2-4a98-819e-3c45cfb9de51.jpeg\"\n    at Connection.parseE (C:\\Users\\U\\node_modules\\pg\\lib\\connection.js:539:11)\n    at Connection.parseMessage (C:\\Users\\U\\node_modules\\pg\\lib\\connection.js:366:17)\n    at Socket.<anonymous> (C:\\Users\\U\\node_modules\\pg\\lib\\connection.js:105:22)\n    at emitOne (events.js:77:13)\n    at Socket.emit (events.js:169:7)\n    at readableAddChunk (_stream_readable.js:146:16)\n    at Socket.Readable.push (_stream_readable.js:110:10)\n    at TCP.onread (net.js:523:20)","code":"22P02"},"msg":"invalid input syntax for integer: \"496587a6-07a2-4a98-819e-3c45cfb9de51.jpeg\"","time":"2015-10-26T18:24:04.769Z","v":0}
{"name":"instads","hostname":"AOFF4","pid":3220,"level":30,"err":{"message":"invalid input syntax for integer: \"08ff70f4-1883-45be-b5d4-254c3058590a.jpeg\"","name":"error","stack":"error: invalid input syntax for integer: \"08ff70f4-1883-45be-b5d4-254c3058590a.jpeg\"\n    at Connection.parseE (C:\\Users\\U\\node_modules\\pg\\lib\\connection.js:539:11)\n    at Connection.parseMessage (C:\\Users\\U\\node_modules\\pg\\lib\\connection.js:366:17)\n    at Socket.<anonymous> (C:\\Users\\U\\node_modules\\pg\\lib\\connection.js:105:22)\n    at emitOne (events.js:77:13)\n    at Socket.emit (events.js:169:7)\n    at readableAddChunk (_stream_readable.js:146:16)\n    at Socket.Readable.push (_stream_readable.js:110:10)\n    at TCP.onread (net.js:523:20)","code":"22P02"},"msg":"invalid input syntax for integer: \"08ff70f4-1883-45be-b5d4-254c3058590a.jpeg\"","time":"2015-10-26T18:24:06.804Z","v":0}
{"name":"instads","hostname":"AOFF4","pid":6116,"level":30,"msg":"Created competition with id: 43","time":"2015-10-26T18:26:01.256Z","v":0}
{"name":"instads","hostname":"AOFF4","pid":6116,"level":30,"msg":"Updated competition!","time":"2015-10-26T18:26:01.334Z","v":0}
{"name":"instads","hostname":"AOFF4","pid":6116,"level":30,"msg":"Updated competition!","time":"2015-10-26T18:26:01.363Z","v":0}
{"name":"instads","hostname":"AOFF4","pid":6116,"level":30,"msg":"Created competition with id: 44","time":"2015-10-26T18:26:37.215Z","v":0}
{"name":"instads","hostname":"AOFF4","pid":6116,"level":30,"msg":"Created competition with id: 45","time":"2015-10-26T18:26:37.297Z","v":0}
{"name":"instads","hostname":"AOFF4","pid":6116,"level":30,"msg":"Updated competition!","time":"2015-10-26T18:26:37.389Z","v":0}
{"name":"instads","hostname":"AOFF4","pid":6116,"level":30,"msg":"Updated competition!","time":"2015-10-26T18:26:37.414Z","v":0}
{"name":"instads","hostname":"AOFF4","pid":6116,"level":30,"msg":"Created competition with id: 50","time":"2015-10-26T18:27:19.345Z","v":0}
{"name":"instads","hostname":"AOFF4","pid":6116,"level":30,"msg":"Created competition with id: 51","time":"2015-10-26T18:27:19.423Z","v":0}
{"name":"instads","hostname":"AOFF4","pid":6116,"level":30,"msg":"Updated competition!","time":"2015-10-26T18:27:19.500Z","v":0}
{"name":"instads","hostname":"AOFF4","pid":6116,"level":30,"msg":"Updated competition!","time":"2015-10-26T18:27:19.514Z","v":0}
{"name":"instads","hostname":"AOFF4","pid":6116,"level":30,"msg":"Created competition with id: 56","time":"2015-10-26T18:29:14.894Z","v":0}
{"name":"instads","hostname":"AOFF4","pid":6116,"level":30,"msg":"Created competition with id: 57","time":"2015-10-26T18:29:14.969Z","v":0}
{"name":"instads","hostname":"AOFF4","pid":6116,"level":30,"msg":"Updated competition!","time":"2015-10-26T18:29:15.040Z","v":0}
{"name":"instads","hostname":"AOFF4","pid":6116,"level":30,"msg":"Updated competition!","time":"2015-10-26T18:29:15.054Z","v":0}
